<?xml version="1.0" encoding="UTF-8"?>
<testng-results ignored="0" total="1" passed="1" failed="0" skipped="0">
  <reporter-output>
  </reporter-output>
  <suite started-at="2023-09-06T16:16:29 IST" name="Default suite" finished-at="2023-09-06T16:16:42 IST" duration-ms="12378">
    <groups>
    </groups>
    <test started-at="2023-09-06T16:16:29 IST" name="Default test" finished-at="2023-09-06T16:16:42 IST" duration-ms="12378">
      <class name="test.alltest">
        <test-method is-config="true" signature="setup()[pri:0, instance:test.alltest@59309333]" started-at="2023-09-06T16:16:29 IST" name="setup" finished-at="2023-09-06T16:16:36 IST" duration-ms="6864" status="PASS">
          <reporter-output>
          </reporter-output>
        </test-method> <!-- setup -->
        <test-method signature="pageInput()[pri:0, instance:test.alltest@59309333]" started-at="2023-09-06T16:16:36 IST" name="pageInput" finished-at="2023-09-06T16:16:42 IST" duration-ms="5434" status="PASS">
          <reporter-output>
          </reporter-output>
        </test-method> <!-- pageInput -->
      </class> <!-- test.alltest -->
    </test> <!-- Default test -->
  </suite> <!-- Default suite -->
</testng-results>
